Copyright 1986-2019 Xilinx, Inc. All Rights Reserved.
-------------------------------------------------------------------------------------
| Tool Version : Vivado v.2019.1 (win64) Build 2552052 Fri May 24 14:49:42 MDT 2019
| Date         : Sun Sep  1 16:25:28 2019
| Host         : ZPCX running 64-bit major release  (build 9200)
| Command      : report_control_sets -verbose -file toplevel_control_sets_placed.rpt
| Design       : toplevel
| Device       : xc7z020
-------------------------------------------------------------------------------------

Control Set Information

Table of Contents
-----------------
1. Summary
2. Histogram
3. Flip-Flop Distribution
4. Detailed Control Set Information

1. Summary
----------

+----------------------------------------------------------+-------+
|                          Status                          | Count |
+----------------------------------------------------------+-------+
| Total control sets                                       |    69 |
|    Minimum number of control sets                        |    69 |
|    Addition due to synthesis replication                 |     0 |
|    Addition due to physical synthesis replication        |     0 |
| Unused register locations in slices containing registers |   207 |
+----------------------------------------------------------+-------+
* Control sets can be merged at opt_design using control_set_merge or merge_equivalent_drivers
** Run report_qor_suggestions for automated merging and remapping suggestions


2. Histogram
------------

+--------------------+-------+
|       Fanout       | Count |
+--------------------+-------+
| Total control sets |    69 |
| >= 0 to < 4        |    11 |
| >= 4 to < 6        |    11 |
| >= 6 to < 8        |     7 |
| >= 8 to < 10       |     9 |
| >= 10 to < 12      |     3 |
| >= 12 to < 14      |     0 |
| >= 14 to < 16      |     1 |
| >= 16              |    27 |
+--------------------+-------+
* Control sets can be remapped at either synth_design or opt_design


3. Flip-Flop Distribution
-------------------------

+--------------+-----------------------+------------------------+-----------------+--------------+
| Clock Enable | Synchronous Set/Reset | Asynchronous Set/Reset | Total Registers | Total Slices |
+--------------+-----------------------+------------------------+-----------------+--------------+
| No           | No                    | No                     |             241 |           91 |
| No           | No                    | Yes                    |              29 |            7 |
| No           | Yes                   | No                     |             289 |          118 |
| Yes          | No                    | No                     |             219 |           62 |
| Yes          | No                    | Yes                    |              15 |            8 |
| Yes          | Yes                   | No                     |             616 |          208 |
+--------------+-----------------------+------------------------+-----------------+--------------+


4. Detailed Control Set Information
-----------------------------------

+-------------------------------------------------------------------+---------------------------------------------------------------------------------------------------------------------------------------------------------------------------------------------------------------+---------------------------------------------------------------------------------------------------------------------------------------------------+------------------+----------------+
|                            Clock Signal                           |                                                                                                 Enable Signal                                                                                                 |                                                                  Set/Reset Signal                                                                 | Slice Load Count | Bel Load Count |
+-------------------------------------------------------------------+---------------------------------------------------------------------------------------------------------------------------------------------------------------------------------------------------------------+---------------------------------------------------------------------------------------------------------------------------------------------------+------------------+----------------+
|  proc_system_i/mdm_1/U0/No_Dbg_Reg_Access.BUFG_DRCK/Ext_JTAG_DRCK | proc_system_i/mdm_1/U0/Use_E2.BSCAN_I/Use_BSCAN.PORT_Selector_reg[0]                                                                                                                                          | proc_system_i/mdm_1/U0/MDM_Core_I1/JTAG_CONTROL_I/sel_with_scan_reset19_out                                                                       |                1 |              1 |
|  proc_system_i/mdm_1/U0/Use_E2.BSCAN_I/Dbg_Update_0               | proc_system_i/microblaze_0/U0/MicroBlaze_Core_I/Performance.Core/Use_Debug_Logic.Master_Core.Debug_Perf/Control_Reg_En                                                                                        | proc_system_i/microblaze_0/U0/MicroBlaze_Core_I/Performance.Core/Use_Debug_Logic.Master_Core.Debug_Perf/Serial_Dbg_Intf.continue_from_brk_reg_n_0 |                1 |              1 |
| ~proc_system_i/mdm_1/U0/No_Dbg_Reg_Access.BUFG_DRCK/Ext_JTAG_DRCK | proc_system_i/mdm_1/U0/MDM_Core_I1/JTAG_CONTROL_I/Use_BSCAN.FDC_I/CE                                                                                                                                          | proc_system_i/mdm_1/U0/MDM_Core_I1/JTAG_CONTROL_I/Use_BSCAN.FDC_I/D_1                                                                             |                1 |              1 |
|  proc_system_i/mdm_1/U0/Use_E2.BSCAN_I/Dbg_Update_0               | proc_system_i/microblaze_0/U0/MicroBlaze_Core_I/Performance.Core/Use_Debug_Logic.Master_Core.Debug_Perf/Control_Reg_En                                                                                        | proc_system_i/microblaze_0/U0/MicroBlaze_Core_I/Performance.Core/Use_Debug_Logic.Master_Core.Debug_Perf/Serial_Dbg_Intf.force_stop_cmd_i_reg_0    |                1 |              1 |
|  proc_system_i/mdm_1/U0/Use_E2.BSCAN_I/Dbg_Update_0               | proc_system_i/microblaze_0/U0/MicroBlaze_Core_I/Performance.Core/Use_Debug_Logic.Master_Core.Debug_Perf/Control_Reg_En                                                                                        | proc_system_i/microblaze_0/U0/MicroBlaze_Core_I/Performance.Core/Use_Debug_Logic.Master_Core.Debug_Perf/Serial_Dbg_Intf.normal_stop_cmd_i_reg_n_0 |                1 |              1 |
|  proc_system_i/mdm_1/U0/Use_E2.BSCAN_I/Dbg_Update_0               | proc_system_i/microblaze_0/U0/MicroBlaze_Core_I/Performance.Core/Use_Debug_Logic.Master_Core.Debug_Perf/Control_Reg_En                                                                                        | proc_system_i/microblaze_0/U0/MicroBlaze_Core_I/Performance.Core/Use_Debug_Logic.Master_Core.Debug_Perf/start_single_step_reg_n_0                 |                1 |              1 |
| ~proc_system_i/mdm_1/U0/Use_E2.BSCAN_I/Dbg_Update_0               |                                                                                                                                                                                                               | proc_system_i/mdm_1/U0/MDM_Core_I1/JTAG_CONTROL_I/sel_n                                                                                           |                1 |              1 |
|  clk_in_IBUF_BUFG                                                 |                                                                                                                                                                                                               | proc_system_i/microblaze_0/U0/MicroBlaze_Core_I/Performance.Core/Use_Debug_Logic.Master_Core.Debug_Perf/capture_1                                 |                1 |              1 |
|  proc_system_i/mdm_1/U0/Use_E2.BSCAN_I/Dbg_Update_0               | proc_system_i/microblaze_0/U0/MicroBlaze_Core_I/Performance.Core/Use_Debug_Logic.Master_Core.Debug_Perf/Command_Reg_En                                                                                        | proc_system_i/microblaze_0/U0/MicroBlaze_Core_I/Performance.Core/Use_Debug_Logic.Master_Core.Debug_Perf/command_reg_clear                         |                1 |              2 |
|  clk_in_IBUF_BUFG                                                 | proc_system_i/microblaze_0/U0/MicroBlaze_Core_I/Performance.Core/Decode_I/Use_MuxCy[11].OF_Piperun_Stage/MUXCY_I/of_pause_reg                                                                                 |                                                                                                                                                   |                1 |              2 |
|  proc_system_i/mdm_1/U0/Use_E2.BSCAN_I/Dbg_Update_0               |                                                                                                                                                                                                               |                                                                                                                                                   |                1 |              3 |
|  clk_in_IBUF_BUFG                                                 |                                                                                                                                                                                                               | proc_system_i/dips_and_leds/U0/AXI_LITE_IPIF_I/I_SLAVE_ATTACHMENT/clear                                                                           |                2 |              4 |
|  proc_system_i/mdm_1/U0/No_Dbg_Reg_Access.BUFG_DRCK/Ext_JTAG_DRCK | proc_system_i/mdm_1/U0/MDM_Core_I1/p_3_out                                                                                                                                                                    | proc_system_i/mdm_1/U0/Use_E2.BSCAN_I/AR[0]                                                                                                       |                1 |              4 |
|  clk_in_IBUF_BUFG                                                 | proc_system_i/uartlite/U0/AXI_LITE_IPIF_I/I_SLAVE_ATTACHMENT/start2                                                                                                                                           | proc_system_i/uartlite/U0/AXI_LITE_IPIF_I/I_SLAVE_ATTACHMENT/I_DECODER/cs_ce_clr                                                                  |                1 |              4 |
|  proc_system_i/mdm_1/U0/Use_E2.BSCAN_I/Dbg_Update_0               | proc_system_i/microblaze_0/U0/MicroBlaze_Core_I/Performance.Core/Use_Debug_Logic.Master_Core.Debug_Perf/Control_Reg_En                                                                                        |                                                                                                                                                   |                2 |              4 |
|  clk_in_IBUF_BUFG                                                 | proc_system_i/dips_and_leds/U0/AXI_LITE_IPIF_I/I_SLAVE_ATTACHMENT/bus2ip_addr_i[8]_i_1_n_0                                                                                                                    | proc_system_i/dips_and_leds/U0/AXI_LITE_IPIF_I/I_SLAVE_ATTACHMENT/SR[0]                                                                           |                1 |              4 |
|  proc_system_i/mdm_1/U0/Use_E2.BSCAN_I/Dbg_Update_0               | proc_system_i/mdm_1/U0/MDM_Core_I1/MDM_SEL                                                                                                                                                                    | proc_system_i/mdm_1/U0/Use_E2.BSCAN_I/AR[0]                                                                                                       |                1 |              4 |
| ~proc_system_i/mdm_1/U0/Use_E2.BSCAN_I/Dbg_Update_0               |                                                                                                                                                                                                               | proc_system_i/mdm_1/U0/Use_E2.BSCAN_I/AR[0]                                                                                                       |                1 |              4 |
|  clk_in_IBUF_BUFG                                                 | proc_system_i/dips_and_leds/U0/AXI_LITE_IPIF_I/I_SLAVE_ATTACHMENT/start2                                                                                                                                      | proc_system_i/dips_and_leds/U0/AXI_LITE_IPIF_I/I_SLAVE_ATTACHMENT/I_DECODER/cs_ce_clr                                                             |                2 |              4 |
|  clk_in_IBUF_BUFG                                                 | proc_system_i/uartlite/U0/UARTLITE_CORE_I/BAUD_RATE_I/p_2_out[0]                                                                                                                                              |                                                                                                                                                   |                1 |              4 |
|  clk_in_IBUF_BUFG                                                 | proc_system_i/microblaze_0/U0/MicroBlaze_Core_I/Performance.Core/Decode_I/wb_Halted                                                                                                                           | proc_system_i/microblaze_0/U0/MicroBlaze_Core_I/sync_reset                                                                                        |                2 |              5 |
|  clk_in_IBUF_BUFG                                                 |                                                                                                                                                                                                               | proc_system_i/rst_Clk_100M/U0/EXT_LPF/lpf_int                                                                                                     |                2 |              5 |
|  clk_in_IBUF_BUFG                                                 | proc_system_i/rst_Clk_100M/U0/SEQ/seq_cnt_en                                                                                                                                                                  | proc_system_i/rst_Clk_100M/U0/SEQ/SEQ_COUNTER/clear                                                                                               |                1 |              6 |
|  proc_system_i/mdm_1/U0/No_Dbg_Reg_Access.BUFG_DRCK/Ext_JTAG_DRCK | proc_system_i/mdm_1/U0/Use_E2.BSCAN_I/Use_BSCAN.command_reg[5][0]                                                                                                                                             |                                                                                                                                                   |                3 |              6 |
|  proc_system_i/mdm_1/U0/No_Dbg_Reg_Access.BUFG_DRCK/Ext_JTAG_DRCK | proc_system_i/mdm_1/U0/Use_E2.BSCAN_I/E[0]                                                                                                                                                                    |                                                                                                                                                   |                1 |              6 |
|  proc_system_i/mdm_1/U0/No_Dbg_Reg_Access.BUFG_DRCK/Ext_JTAG_DRCK | proc_system_i/mdm_1/U0/MDM_Core_I1/JTAG_CONTROL_I/Use_BSCAN.FDC_I/Use_BSCAN.command_reg[5][0]                                                                                                                 |                                                                                                                                                   |                2 |              6 |
|  clk_in_IBUF_BUFG                                                 |                                                                                                                                                                                                               | proc_system_i/uartlite/U0/UARTLITE_CORE_I/UARTLITE_TX_I/SRL_FIFO_I/I_SRL_FIFO_RBU_F/CNTR_INCR_DECR_ADDN_F_I/SS[0]                                 |                3 |              6 |
|  clk_in_IBUF_BUFG                                                 |                                                                                                                                                                                                               | proc_system_i/uartlite/U0/UARTLITE_CORE_I/UARTLITE_RX_I/SRL_FIFO_I/I_SRL_FIFO_RBU_F/CNTR_INCR_DECR_ADDN_F_I/SS[0]                                 |                2 |              6 |
|  clk_in_IBUF_BUFG                                                 | proc_system_i/uartlite/U0/UARTLITE_CORE_I/BAUD_RATE_I/p_2_out[0]                                                                                                                                              | proc_system_i/uartlite/U0/UARTLITE_CORE_I/UARTLITE_RX_I/SERIAL_TO_PARALLEL[8].fifo_din[8]_i_1_n_0                                                 |                2 |              7 |
|  clk_in_IBUF_BUFG                                                 | proc_system_i/uartlite/U0/UARTLITE_CORE_I/UARTLITE_RX_I/SRL_FIFO_I/I_SRL_FIFO_RBU_F/DYNSHREG_F_I/fifo_wr                                                                                                      |                                                                                                                                                   |                1 |              8 |
|  proc_system_i/mdm_1/U0/No_Dbg_Reg_Access.BUFG_DRCK/Ext_JTAG_DRCK | proc_system_i/microblaze_0/U0/MicroBlaze_Core_I/Performance.Core/Use_Debug_Logic.Master_Core.Debug_Perf/Using_PC_Breakpoints.All_PC_Brks[0].Serial_Interface_1.address_hit_I/Compare[0].SRLC16E_I/which_pc__0 |                                                                                                                                                   |                7 |              8 |
|  proc_system_i/mdm_1/U0/No_Dbg_Reg_Access.BUFG_DRCK/Ext_JTAG_DRCK | proc_system_i/mdm_1/U0/MDM_Core_I1/JTAG_CONTROL_I/tdi_shifter0                                                                                                                                                |                                                                                                                                                   |                2 |              8 |
|  proc_system_i/mdm_1/U0/Use_E2.BSCAN_I/Dbg_Update_0               | proc_system_i/mdm_1/U0/MDM_Core_I1/JTAG_CONTROL_I/Use_BSCAN.FDC_I/Use_BSCAN.PORT_Selector_reg[2][0]                                                                                                           |                                                                                                                                                   |                1 |              8 |
| ~proc_system_i/mdm_1/U0/Use_E2.BSCAN_I/Dbg_Update_0               | proc_system_i/mdm_1/U0/MDM_Core_I1/JTAG_CONTROL_I/Use_BSCAN.command[0]_i_1_n_0                                                                                                                                |                                                                                                                                                   |                2 |              8 |
|  clk_in_IBUF_BUFG                                                 | proc_system_i/dips_and_leds/U0/AXI_LITE_IPIF_I/I_SLAVE_ATTACHMENT/I_DECODER/bus2ip_rnw_i_reg[0]                                                                                                               | proc_system_i/dips_and_leds/U0/AXI_LITE_IPIF_I/I_SLAVE_ATTACHMENT/SR[0]                                                                           |                2 |              8 |
|  clk_in_IBUF_BUFG                                                 | proc_system_i/uartlite/U0/AXI_LITE_IPIF_I/I_SLAVE_ATTACHMENT/I_DECODER/fifo_wr                                                                                                                                |                                                                                                                                                   |                1 |              8 |
|  clk_in_IBUF_BUFG                                                 | proc_system_i/uartlite/U0/AXI_LITE_IPIF_I/I_SLAVE_ATTACHMENT/s_axi_rresp_i                                                                                                                                    | proc_system_i/uartlite/U0/AXI_LITE_IPIF_I/I_SLAVE_ATTACHMENT/rst                                                                                  |                4 |              8 |
|  clk_in_IBUF_BUFG                                                 | proc_system_i/dips_and_leds/U0/AXI_LITE_IPIF_I/I_SLAVE_ATTACHMENT/s_axi_rresp_i                                                                                                                               | proc_system_i/dips_and_leds/U0/AXI_LITE_IPIF_I/I_SLAVE_ATTACHMENT/SR[0]                                                                           |                2 |              9 |
|  clk_in_IBUF_BUFG                                                 |                                                                                                                                                                                                               | proc_system_i/uartlite/U0/AXI_LITE_IPIF_I/I_SLAVE_ATTACHMENT/rst                                                                                  |                4 |             10 |
|  proc_system_i/mdm_1/U0/No_Dbg_Reg_Access.BUFG_DRCK/Ext_JTAG_DRCK | proc_system_i/mdm_1/U0/MDM_Core_I1/JTAG_CONTROL_I/Use_BSCAN.FDC_I/E[0]                                                                                                                                        |                                                                                                                                                   |                5 |             10 |
|  clk_in_IBUF_BUFG                                                 |                                                                                                                                                                                                               | proc_system_i/microblaze_0_axi_periph/xbar/inst/gen_sasd.crossbar_sasd_0/addr_arbiter_inst/SR[0]                                                  |                4 |             11 |
|  clk_in_IBUF_BUFG                                                 | proc_system_i/microblaze_0_axi_periph/xbar/inst/gen_sasd.crossbar_sasd_0/reg_slice_r/aa_rready                                                                                                                |                                                                                                                                                   |                7 |             15 |
|  clk_in_IBUF_BUFG                                                 |                                                                                                                                                                                                               | proc_system_i/dips_and_leds/U0/AXI_LITE_IPIF_I/I_SLAVE_ATTACHMENT/I_DECODER/bus2ip_rnw_i_reg_2                                                    |                2 |             16 |
|  clk_in_IBUF_BUFG                                                 | proc_system_i/microblaze_0/U0/MicroBlaze_Core_I/Performance.Core/Decode_I/PreFetch_Buffer_I1/OF_Valid_DFF/Using_FPGA.Native_1[0]                                                                              | proc_system_i/microblaze_0/U0/MicroBlaze_Core_I/sync_reset                                                                                        |                6 |             16 |
|  clk_in_IBUF_BUFG                                                 | proc_system_i/dips_and_leds/U0/AXI_LITE_IPIF_I/I_SLAVE_ATTACHMENT/I_DECODER/bus2ip_rnw_i_reg_0[0]                                                                                                             | proc_system_i/dips_and_leds/U0/AXI_LITE_IPIF_I/I_SLAVE_ATTACHMENT/SR[0]                                                                           |                5 |             16 |
|  clk_in_IBUF_BUFG                                                 | proc_system_i/microblaze_0_axi_periph/xbar/inst/gen_sasd.crossbar_sasd_0/addr_arbiter_inst/p_0_in1_in                                                                                                         | proc_system_i/microblaze_0_axi_periph/xbar/inst/gen_sasd.crossbar_sasd_0/addr_arbiter_inst/SR[0]                                                  |                4 |             19 |
|  clk_in_IBUF_BUFG                                                 | proc_system_i/microblaze_0/U0/MicroBlaze_Core_I/Performance.Core/Decode_I/mem_wait_on_ready_N_carry_or/MUXCY_I/lopt_1                                                                                         | proc_system_i/microblaze_0/U0/MicroBlaze_Core_I/sync_reset                                                                                        |                6 |             20 |
|  proc_system_i/mdm_1/U0/No_Dbg_Reg_Access.BUFG_DRCK/Ext_JTAG_DRCK |                                                                                                                                                                                                               | proc_system_i/mdm_1/U0/Use_E2.BSCAN_I/shift_n_reset1_out                                                                                          |                4 |             23 |
|  clk_in_IBUF_BUFG                                                 |                                                                                                                                                                                                               | proc_system_i/dips_and_leds/U0/AXI_LITE_IPIF_I/I_SLAVE_ATTACHMENT/SR[0]                                                                           |                7 |             24 |
|  clk_in_IBUF_BUFG                                                 |                                                                                                                                                                                                               | proc_system_i/uartlite/U0/UARTLITE_CORE_I/UARTLITE_RX_I/s_axi_aresetn_0                                                                           |               10 |             26 |
|  clk_in_IBUF_BUFG                                                 | proc_system_i/uartlite/U0/UARTLITE_CORE_I/BAUD_RATE_I/p_2_out[0]                                                                                                                                              | proc_system_i/uartlite/U0/UARTLITE_CORE_I/UARTLITE_RX_I/s_axi_aresetn_0                                                                           |                6 |             28 |
|  clk_in_IBUF_BUFG                                                 | proc_system_i/microblaze_0/U0/MicroBlaze_Core_I/Performance.Core/Use_Debug_Logic.Master_Core.Debug_Perf/data_rd_reg[0]_i_1_n_0                                                                                | proc_system_i/microblaze_0/U0/MicroBlaze_Core_I/sync_reset                                                                                        |               13 |             32 |
|  clk_in_IBUF_BUFG                                                 |                                                                                                                                                                                                               | proc_system_i/microblaze_0/U0/MicroBlaze_Core_I/Performance.Core/p_1_out                                                                          |               12 |             32 |
|  clk_in_IBUF_BUFG                                                 | proc_system_i/microblaze_0/U0/MicroBlaze_Core_I/Performance.Core/Decode_I/Use_MuxCy[3].OF_Piperun_Stage/MUXCY_I/Using_FPGA.Native_0                                                                           | proc_system_i/microblaze_0/U0/MicroBlaze_Core_I/Performance.Core/Decode_I/R                                                                       |               14 |             32 |
|  clk_in_IBUF_BUFG                                                 | proc_system_i/microblaze_0/U0/MicroBlaze_Core_I/Performance.Core/Decode_I/Use_MuxCy[3].OF_Piperun_Stage/MUXCY_I/wb_exception_kind_i_reg[28][0]                                                                | proc_system_i/microblaze_0/U0/MicroBlaze_Core_I/sync_reset                                                                                        |                6 |             32 |
|  clk_in_IBUF_BUFG                                                 | proc_system_i/microblaze_0/U0/MicroBlaze_Core_I/Performance.Core/Decode_I/mem_wait_on_ready_N_carry_or/MUXCY_I/lopt_1                                                                                         |                                                                                                                                                   |                5 |             32 |
|  clk_in_IBUF_BUFG                                                 | proc_system_i/microblaze_0/U0/MicroBlaze_Core_I/Performance.Core/Decode_I/mem_wait_on_ready_N_carry_or/MUXCY_I/lopt_1                                                                                         | proc_system_i/microblaze_0/U0/MicroBlaze_Core_I/Performance.Core/Decode_I/SR[0]                                                                   |               10 |             32 |
|  clk_in_IBUF_BUFG                                                 | proc_system_i/microblaze_0/U0/MicroBlaze_Core_I/Performance.Core/Decode_I/PreFetch_Buffer_I1/Gen_Mux_Select_LUT6[2].Gen_Sel_DFF/if_fetch_in_progress_reg[0]                                                   | proc_system_i/microblaze_0/U0/MicroBlaze_Core_I/sync_reset                                                                                        |               10 |             32 |
|  proc_system_i/mdm_1/U0/No_Dbg_Reg_Access.BUFG_DRCK/Ext_JTAG_DRCK | proc_system_i/microblaze_0/U0/MicroBlaze_Core_I/Performance.Core/Use_Debug_Logic.Master_Core.Debug_Perf/New_Dbg_Instr_TCK                                                                                     |                                                                                                                                                   |                9 |             32 |
|  clk_in_IBUF_BUFG                                                 | proc_system_i/microblaze_0_axi_periph/xbar/inst/gen_sasd.crossbar_sasd_0/addr_arbiter_inst/s_axi_rvalid[0]                                                                                                    | proc_system_i/microblaze_0/U0/MicroBlaze_Core_I/sync_reset                                                                                        |                9 |             32 |
|  clk_in_IBUF_BUFG                                                 | proc_system_i/microblaze_0_axi_periph/xbar/inst/gen_sasd.crossbar_sasd_0/addr_arbiter_inst/E[0]                                                                                                               |                                                                                                                                                   |                9 |             33 |
|  proc_system_i/mdm_1/U0/No_Dbg_Reg_Access.BUFG_DRCK/Ext_JTAG_DRCK | proc_system_i/mdm_1/U0/Use_E2.BSCAN_I/Use_BSCAN.PORT_Selector_reg[0]                                                                                                                                          |                                                                                                                                                   |               12 |             47 |
|  clk_in_IBUF_BUFG                                                 | proc_system_i/microblaze_0/U0/MicroBlaze_Core_I/Performance.Core/Decode_I/Use_MuxCy[3].OF_Piperun_Stage/MUXCY_I/Using_FPGA.Native_0                                                                           | proc_system_i/microblaze_0/U0/MicroBlaze_Core_I/sync_reset                                                                                        |               20 |             51 |
|  clk_in_IBUF_BUFG                                                 | proc_system_i/microblaze_0/U0/MicroBlaze_Core_I/Performance.Core/Decode_I/PreFetch_Buffer_I1/Instruction_Prefetch_Mux[42].Instr_Mux_MUXF7/IReady_0                                                            |                                                                                                                                                   |               11 |             75 |
|  proc_system_i/mdm_1/U0/No_Dbg_Reg_Access.BUFG_DRCK/Ext_JTAG_DRCK |                                                                                                                                                                                                               |                                                                                                                                                   |               31 |             80 |
|  clk_in_IBUF_BUFG                                                 | proc_system_i/microblaze_0/U0/MicroBlaze_Core_I/Performance.Core/Decode_I/Performance_Debug_Control.dbg_state_nohalt_reg[34]                                                                                  |                                                                                                                                                   |               16 |            128 |
|  clk_in_IBUF_BUFG                                                 |                                                                                                                                                                                                               | proc_system_i/microblaze_0/U0/MicroBlaze_Core_I/sync_reset                                                                                        |               70 |            149 |
|  clk_in_IBUF_BUFG                                                 |                                                                                                                                                                                                               |                                                                                                                                                   |               63 |            175 |
|  clk_in_IBUF_BUFG                                                 | proc_system_i/microblaze_0/U0/MicroBlaze_Core_I/Performance.Core/Decode_I/Use_MuxCy[11].OF_Piperun_Stage/MUXCY_I/of_pause_reg                                                                                 | proc_system_i/microblaze_0/U0/MicroBlaze_Core_I/sync_reset                                                                                        |               81 |            218 |
+-------------------------------------------------------------------+---------------------------------------------------------------------------------------------------------------------------------------------------------------------------------------------------------------+---------------------------------------------------------------------------------------------------------------------------------------------------+------------------+----------------+


