#-----------------------------------------------------------
# Vivado v2018.3 (64-bit)
# SW Build 2405991 on Thu Dec  6 23:36:41 MST 2018
# IP Build 2404404 on Fri Dec  7 01:43:56 MST 2018
# Start of session at: Wed Sep  4 08:17:43 2019
# Process ID: 19154
# Current directory: /home/zach/git/grad_school/EN525.742-Project-1
# Command line: vivado project_1.xpr
# Log file: /home/zach/git/grad_school/EN525.742-Project-1/vivado.log
# Journal file: /home/zach/git/grad_school/EN525.742-Project-1/vivado.jou
#-----------------------------------------------------------
Sourcing tcl script '/home/zach/.Xilinx/Vivado/Vivado_init.tcl'
start_gui
open_project project_1.xpr
INFO: [Project 1-313] Project file moved from 'C:/Users/Zach/Documents/GradSchool/Fall 2019/EN525.742_SOC_Design_Lab/project_1' since last save.
CRITICAL WARNING: [Project 1-311] Could not find the file '/home/zach/git/grad_school/EN525.742-Project-1/project_1.srcs/sources_1/bd/proc_system/proc_system.bd', nor could it be found using path '/home/zach/git/grad_school/EN525.742-Project-1/C:/Users/Zach/Documents/GradSchool/Fall 2019/EN525.742_SOC_Design_Lab/project_1/project_1.srcs/sources_1/bd/proc_system/proc_system.bd'.
CRITICAL WARNING: [Project 1-311] Could not find the file '/Downloads/clkdivider_1.vhd', nor could it be found using path '/home/zach/git/grad_school/EN525.742-Project-1/C:/Users/Zach/Downloads/clkdivider_1.vhd'.
CRITICAL WARNING: [Project 1-311] Could not find the file '/home/zach/git/grad_school/EN525.742-Project-1/project_1.srcs/sources_1/new/toplevel.vhd', nor could it be found using path '/home/zach/git/grad_school/EN525.742-Project-1/C:/Users/Zach/Documents/GradSchool/Fall 2019/EN525.742_SOC_Design_Lab/project_1/project_1.srcs/sources_1/new/toplevel.vhd'.
CRITICAL WARNING: [Project 1-311] Could not find the file '/home/zach/git/grad_school/EN525.742-Project-1/project_1.srcs/constrs_1/new/project1_zedboard.xdc', nor could it be found using path '/home/zach/git/grad_school/EN525.742-Project-1/C:/Users/Zach/Documents/GradSchool/Fall 2019/EN525.742_SOC_Design_Lab/project_1/project_1.srcs/constrs_1/new/project1_zedboard.xdc'.
CRITICAL WARNING: [Project 1-311] Could not find the file '/home/zach/git/grad_school/EN525.742-Project-1/project_1.srcs/sim_1/new/tb_toplevel.vhd', nor could it be found using path '/home/zach/git/grad_school/EN525.742-Project-1/C:/Users/Zach/Documents/GradSchool/Fall 2019/EN525.742_SOC_Design_Lab/project_1/project_1.srcs/sim_1/new/tb_toplevel.vhd'.
Scanning sources...
Finished scanning sources
CRITICAL WARNING: [Project 1-192] Failed to load run synth_1. Strategy Vivado Synthesis Defaults (Vivado Synthesis 2019) not recognized by Vivado. 

CRITICAL WARNING: [Project 1-192] Failed to load run proc_system_mdm_1_0_synth_1. Strategy Vivado Synthesis Defaults (Vivado Synthesis 2019) not recognized by Vivado. 

CRITICAL WARNING: [Project 1-192] Failed to load run proc_system_lmb_bram_0_synth_1. Strategy Vivado Synthesis Defaults (Vivado Synthesis 2019) not recognized by Vivado. 

CRITICAL WARNING: [Project 1-192] Failed to load run proc_system_dlmb_v10_0_synth_1. Strategy Vivado Synthesis Defaults (Vivado Synthesis 2019) not recognized by Vivado. 

CRITICAL WARNING: [Project 1-192] Failed to load run proc_system_ilmb_v10_0_synth_1. Strategy Vivado Synthesis Defaults (Vivado Synthesis 2019) not recognized by Vivado. 

CRITICAL WARNING: [Project 1-192] Failed to load run proc_system_microblaze_0_0_synth_1. Strategy Vivado Synthesis Defaults (Vivado Synthesis 2019) not recognized by Vivado. 

CRITICAL WARNING: [Project 1-192] Failed to load run proc_system_ilmb_bram_if_cntlr_0_synth_1. Strategy Vivado Synthesis Defaults (Vivado Synthesis 2019) not recognized by Vivado. 

CRITICAL WARNING: [Project 1-192] Failed to load run proc_system_xbar_0_synth_1. Strategy Vivado Synthesis Defaults (Vivado Synthesis 2019) not recognized by Vivado. 

CRITICAL WARNING: [Project 1-192] Failed to load run proc_system_rst_Clk_100M_0_synth_1. Strategy Vivado Synthesis Defaults (Vivado Synthesis 2019) not recognized by Vivado. 

CRITICAL WARNING: [Project 1-192] Failed to load run proc_system_axi_gpio_0_0_synth_1. Strategy Vivado Synthesis Defaults (Vivado Synthesis 2019) not recognized by Vivado. 

CRITICAL WARNING: [Project 1-192] Failed to load run proc_system_axi_uartlite_0_0_synth_1. Strategy Vivado Synthesis Defaults (Vivado Synthesis 2019) not recognized by Vivado. 

CRITICAL WARNING: [Project 1-192] Failed to load run proc_system_dlmb_bram_if_cntlr_0_synth_1. Strategy Vivado Synthesis Defaults (Vivado Synthesis 2019) not recognized by Vivado. 

CRITICAL WARNING: [Project 1-192] Failed to load run impl_1. Strategy Vivado Implementation Defaults (Vivado Implementation 2019) not recognized by Vivado. 

CRITICAL WARNING: [Project 1-192] Failed to load run proc_system_mdm_1_0_impl_1. Strategy Vivado Implementation Defaults (Vivado Implementation 2019) not recognized by Vivado. 

CRITICAL WARNING: [Project 1-192] Failed to load run proc_system_lmb_bram_0_impl_1. Strategy Vivado Implementation Defaults (Vivado Implementation 2019) not recognized by Vivado. 

CRITICAL WARNING: [Project 1-192] Failed to load run proc_system_dlmb_v10_0_impl_1. Strategy Vivado Implementation Defaults (Vivado Implementation 2019) not recognized by Vivado. 

CRITICAL WARNING: [Project 1-192] Failed to load run proc_system_ilmb_v10_0_impl_1. Strategy Vivado Implementation Defaults (Vivado Implementation 2019) not recognized by Vivado. 

CRITICAL WARNING: [Project 1-192] Failed to load run proc_system_microblaze_0_0_impl_1. Strategy Vivado Implementation Defaults (Vivado Implementation 2019) not recognized by Vivado. 

CRITICAL WARNING: [Project 1-192] Failed to load run proc_system_ilmb_bram_if_cntlr_0_impl_1. Strategy Vivado Implementation Defaults (Vivado Implementation 2019) not recognized by Vivado. 

CRITICAL WARNING: [Project 1-192] Failed to load run proc_system_xbar_0_impl_1. Strategy Vivado Implementation Defaults (Vivado Implementation 2019) not recognized by Vivado. 

CRITICAL WARNING: [Project 1-192] Failed to load run proc_system_rst_Clk_100M_0_impl_1. Strategy Vivado Implementation Defaults (Vivado Implementation 2019) not recognized by Vivado. 

CRITICAL WARNING: [Project 1-192] Failed to load run proc_system_axi_gpio_0_0_impl_1. Strategy Vivado Implementation Defaults (Vivado Implementation 2019) not recognized by Vivado. 

CRITICAL WARNING: [Project 1-192] Failed to load run proc_system_axi_uartlite_0_0_impl_1. Strategy Vivado Implementation Defaults (Vivado Implementation 2019) not recognized by Vivado. 

CRITICAL WARNING: [Project 1-192] Failed to load run proc_system_dlmb_bram_if_cntlr_0_impl_1. Strategy Vivado Implementation Defaults (Vivado Implementation 2019) not recognized by Vivado. 

WARNING: [BD 41-1663] The design 'proc_system.bd' cannot be modified due to following reason(s):
* Project is read-only. Please run 'save_project_as' before making any change to the bd-design. 

WARNING: [Project 1-533] File '/home/zach/git/grad_school/EN525.742-Project-1/project_1.srcs/sources_1/bd/proc_system/ip/proc_system_mdm_1_0/proc_system_mdm_1_0.xci' could not be found in the subdesign '/home/zach/git/grad_school/EN525.742-Project-1/project_1.srcs/sources_1/bd/proc_system/proc_system.bd', but fileset 'proc_system_mdm_1_0' still exists. The fileset and corresponding run(s) will be deleted the next time top-level synthesis is run.
WARNING: [Project 1-533] File '/home/zach/git/grad_school/EN525.742-Project-1/project_1.srcs/sources_1/bd/proc_system/ip/proc_system_axi_gpio_0_0/proc_system_axi_gpio_0_0.xci' could not be found in the subdesign '/home/zach/git/grad_school/EN525.742-Project-1/project_1.srcs/sources_1/bd/proc_system/proc_system.bd', but fileset 'proc_system_axi_gpio_0_0' still exists. The fileset and corresponding run(s) will be deleted the next time top-level synthesis is run.
WARNING: [Project 1-533] File '/home/zach/git/grad_school/EN525.742-Project-1/project_1.srcs/sources_1/bd/proc_system/ip/proc_system_ilmb_bram_if_cntlr_0/proc_system_ilmb_bram_if_cntlr_0.xci' could not be found in the subdesign '/home/zach/git/grad_school/EN525.742-Project-1/project_1.srcs/sources_1/bd/proc_system/proc_system.bd', but fileset 'proc_system_ilmb_bram_if_cntlr_0' still exists. The fileset and corresponding run(s) will be deleted the next time top-level synthesis is run.
WARNING: [Project 1-533] File '/home/zach/git/grad_school/EN525.742-Project-1/project_1.srcs/sources_1/bd/proc_system/ip/proc_system_dlmb_bram_if_cntlr_0/proc_system_dlmb_bram_if_cntlr_0.xci' could not be found in the subdesign '/home/zach/git/grad_school/EN525.742-Project-1/project_1.srcs/sources_1/bd/proc_system/proc_system.bd', but fileset 'proc_system_dlmb_bram_if_cntlr_0' still exists. The fileset and corresponding run(s) will be deleted the next time top-level synthesis is run.
WARNING: [Project 1-533] File '/home/zach/git/grad_school/EN525.742-Project-1/project_1.srcs/sources_1/bd/proc_system/ip/proc_system_xbar_0/proc_system_xbar_0.xci' could not be found in the subdesign '/home/zach/git/grad_school/EN525.742-Project-1/project_1.srcs/sources_1/bd/proc_system/proc_system.bd', but fileset 'proc_system_xbar_0' still exists. The fileset and corresponding run(s) will be deleted the next time top-level synthesis is run.
WARNING: [Project 1-533] File '/home/zach/git/grad_school/EN525.742-Project-1/project_1.srcs/sources_1/bd/proc_system/ip/proc_system_microblaze_0_0/proc_system_microblaze_0_0.xci' could not be found in the subdesign '/home/zach/git/grad_school/EN525.742-Project-1/project_1.srcs/sources_1/bd/proc_system/proc_system.bd', but fileset 'proc_system_microblaze_0_0' still exists. The fileset and corresponding run(s) will be deleted the next time top-level synthesis is run.
WARNING: [Project 1-533] File '/home/zach/git/grad_school/EN525.742-Project-1/project_1.srcs/sources_1/bd/proc_system/ip/proc_system_ilmb_v10_0/proc_system_ilmb_v10_0.xci' could not be found in the subdesign '/home/zach/git/grad_school/EN525.742-Project-1/project_1.srcs/sources_1/bd/proc_system/proc_system.bd', but fileset 'proc_system_ilmb_v10_0' still exists. The fileset and corresponding run(s) will be deleted the next time top-level synthesis is run.
WARNING: [Project 1-533] File '/home/zach/git/grad_school/EN525.742-Project-1/project_1.srcs/sources_1/bd/proc_system/ip/proc_system_lmb_bram_0/proc_system_lmb_bram_0.xci' could not be found in the subdesign '/home/zach/git/grad_school/EN525.742-Project-1/project_1.srcs/sources_1/bd/proc_system/proc_system.bd', but fileset 'proc_system_lmb_bram_0' still exists. The fileset and corresponding run(s) will be deleted the next time top-level synthesis is run.
WARNING: [Project 1-533] File '/home/zach/git/grad_school/EN525.742-Project-1/project_1.srcs/sources_1/bd/proc_system/ip/proc_system_rst_Clk_100M_0/proc_system_rst_Clk_100M_0.xci' could not be found in the subdesign '/home/zach/git/grad_school/EN525.742-Project-1/project_1.srcs/sources_1/bd/proc_system/proc_system.bd', but fileset 'proc_system_rst_Clk_100M_0' still exists. The fileset and corresponding run(s) will be deleted the next time top-level synthesis is run.
WARNING: [Project 1-533] File '/home/zach/git/grad_school/EN525.742-Project-1/project_1.srcs/sources_1/bd/proc_system/ip/proc_system_axi_uartlite_0_0/proc_system_axi_uartlite_0_0.xci' could not be found in the subdesign '/home/zach/git/grad_school/EN525.742-Project-1/project_1.srcs/sources_1/bd/proc_system/proc_system.bd', but fileset 'proc_system_axi_uartlite_0_0' still exists. The fileset and corresponding run(s) will be deleted the next time top-level synthesis is run.
WARNING: [Project 1-533] File '/home/zach/git/grad_school/EN525.742-Project-1/project_1.srcs/sources_1/bd/proc_system/ip/proc_system_dlmb_v10_0/proc_system_dlmb_v10_0.xci' could not be found in the subdesign '/home/zach/git/grad_school/EN525.742-Project-1/project_1.srcs/sources_1/bd/proc_system/proc_system.bd', but fileset 'proc_system_dlmb_v10_0' still exists. The fileset and corresponding run(s) will be deleted the next time top-level synthesis is run.
WARNING: [Project 1-231] Project 'project_1.xpr' was created with a future version and may or may not perform reliably with this version of Vivado. It has been opened in read-only mode for the protection of unrecognized data. Use 'File | Save Project As...' if you wish to alter a copy of the project.
INFO: [IP_Flow 19-234] Refreshing IP repositories
INFO: [IP_Flow 19-1704] No user IP repositories specified
INFO: [IP_Flow 19-2313] Loaded Vivado IP repository '/opt/Xilinx/Vivado/2018.3/data/ip'.
update_compile_order -fileset sources_1
update_compile_order -fileset sim_1
set_property source_mgmt_mode DisplayOnly [current_project]
ERROR: [Project 1-228] Project 'project_1' is read-only. To save your work, please use the 'File | Save Project As...' command first.
save_project_as project_1 /home/zach/git/grad_school/EN525.742-Project-1/project_1 -force
WARNING: [BD 41-1663] The design 'proc_system.bd' cannot be modified due to following reason(s):
* Project is read-only. Please run 'save_project_as' before making any change to the bd-design. 

import_files
INFO: [filemgmt 20-334] All file(s) are already imported in fileset: 'constrs_1'
INFO: [filemgmt 20-348] Importing the appropriate files for fileset: 'constrs_1'
INFO: [filemgmt 20-334] All file(s) are already imported in fileset: 'sim_1'
INFO: [filemgmt 20-348] Importing the appropriate files for fileset: 'sim_1'
INFO: [filemgmt 20-348] Importing the appropriate files for fileset: 'sources_1'
WARNING: [filemgmt 20-342] File / dir doesn't exist, skipping: /Downloads/clkdivider_1.vhd
set_property source_mgmt_mode DisplayOnly [current_project]
WARNING: [IP_Flow 19-3899] Cannot get the environment domain name variable for the component vendor name. Setting the vendor name to 'user.org'.
exit
INFO: [Common 17-206] Exiting Vivado at Wed Sep  4 08:35:50 2019...
