16:39:14 INFO  : Registering command handlers for SDK TCF services
16:39:15 INFO  : Launching XSCT server: xsct.bat -interactive C:\Users\Zach\Documents\GradSchool\Fall 2019\EN525.742_SOC_Design_Lab\tutorial_2\tutorial_2.sdk\temp_xsdb_launch_script.tcl
16:39:16 ERROR : (XSDB Server)couldn't read file "C:\Users\Zach\Documents\GradSchool\Fall": no such file or directory

17:29:42 INFO  : Registering command handlers for SDK TCF services
17:29:42 INFO  : Launching XSCT server: xsct.bat -interactive C:\Users\Zach\Documents\GradSchool\Fall 2019\EN525.742_SOC_Design_Lab\tutorial_2\tutorial_2.sdk\temp_xsdb_launch_script.tcl
17:29:43 ERROR : (XSDB Server)couldn't read file "C:\Users\Zach\Documents\GradSchool\Fall": permission denied

17:32:42 ERROR : Timed out. 180 seconds have elapsed while waiting for XSCT server to launch.
17:32:42 INFO  : Launching XSCT server: xsct.bat -interactive C:\Users\Zach\Documents\GradSchool\Fall 2019\EN525.742_SOC_Design_Lab\tutorial_2\tutorial_2.sdk\temp_xsdb_launch_script.tcl
17:32:56 INFO  : Registering command handlers for SDK TCF services
17:32:56 INFO  : Launching XSCT server: xsct.bat -interactive C:\Users\Zach\Documents\GradSchool\Fall 2019\EN525.742_SOC_Design_Lab\tutorial_2\tutorial_2.sdk\temp_xsdb_launch_script.tcl
17:32:57 ERROR : (XSDB Server)couldn't read file "C:\Users\Zach\Documents\GradSchool\Fall": permission denied

17:35:57 ERROR : Timed out. 180 seconds have elapsed while waiting for XSCT server to launch.
17:35:57 INFO  : Launching XSCT server: xsct.bat -interactive C:\Users\Zach\Documents\GradSchool\Fall 2019\EN525.742_SOC_Design_Lab\tutorial_2\tutorial_2.sdk\temp_xsdb_launch_script.tcl
17:39:10 INFO  : Registering command handlers for SDK TCF services
17:39:11 INFO  : Launching XSCT server: xsct.bat -interactive C:\Users\Zach\Documents\GradSchool\Fall 2019\EN525.742_SOC_Design_Lab\tutorial_2\tutorial_2.sdk\temp_xsdb_launch_script.tcl
17:39:13 ERROR : (XSDB Server)couldn't read file "C:\Users\Zach\Documents\GradSchool\Fall": permission denied

22:12:05 INFO  : Registering command handlers for SDK TCF services
22:12:06 INFO  : Launching XSCT server: xsct.bat -interactive C:\Users\Zach\Documents\GradSchool\Fall 2019\EN525.742_SOC_Design_Lab\tutorial_2\tutorial_2.sdk\temp_xsdb_launch_script.tcl
22:12:09 ERROR : (XSDB Server)couldn't read file "C:\Users\Zach\Documents\GradSchool\Fall": permission denied

08:58:45 INFO  : Registering command handlers for SDK TCF services
08:58:46 INFO  : Launching XSCT server: xsct -n -interactive /home/zach/git/grad_school/EN525.742-Project-1/project_1_v2018_3/project_1_v2018_3.sdk/temp_xsdb_launch_script.tcl
08:58:48 INFO  : XSCT server has started successfully.
08:58:48 INFO  : Successfully done setting XSCT server connection channel  
08:58:48 INFO  : Successfully done setting SDK workspace  
08:58:48 INFO  : Processing command line option -hwspec /home/zach/git/grad_school/EN525.742-Project-1/project_1_v2018_3/project_1_v2018_3.sdk/toplevel.hdf.
08:59:44 ERROR : The Hardware Project referenced by this BSP (hello_world_tut2_bsp) was not found in this workspace. As a result, this BSP will not build properly. To fix this error, please import the associated hardware project or recreate a new BSP targeting an existing hardware platform.
09:05:22 ERROR : (XSDB Server)ERROR: [Hsi 55-1594] Core cpu of version 2.9 not found in repositories

09:05:22 ERROR : (XSDB Server)ERROR: [Hsi 55-1594] Core gpio of version 4.4 not found in repositories
ERROR: [Hsi 55-1594] Core bram of version 4.3 not found in repositories
ERROR: [Hsi 55-1594] Core bram of version 4.3 not found in repositories
ERROR: [Hsi 55-1594] Core standalone of version 7.0 not found in repositories

09:05:22 ERROR : (XSDB Server)ERROR: [Hsi 55-1452] Error: running open_sw_design.

09:05:22 ERROR :  [Common 17-39] 'hsi::open_sw_design' failed due to earlier errors.
09:05:22 ERROR : (XSDB Server)ERROR: [Hsi 55-1594] Core cpu of version 2.9 not found in repositories

09:05:22 ERROR : (XSDB Server)ERROR: [Hsi 55-1594] Core gpio of version 4.4 not found in repositories
ERROR: [Hsi 55-1594] Core bram of version 4.3 not found in repositories
ERROR: [Hsi 55-1594] Core bram of version 4.3 not found in repositories
ERROR: [Hsi 55-1594] Core standalone of version 7.0 not found in repositories

09:05:22 ERROR : (XSDB Server)ERROR: [Hsi 55-1452] Error: running open_sw_design.

09:05:22 INFO  : Unable to read in MSS file /home/zach/git/grad_school/EN525.742-Project-1/project_1.sdk/hello_world_tut2_bsp/system.mss : null
09:05:22 ERROR : (XSDB Server)ERROR: [Hsi 55-1594] Core cpu of version 2.9 not found in repositories
ERROR: [Hsi 55-1594] Core gpio of version 4.4 not found in repositories

09:05:22 ERROR : (XSDB Server)ERROR: [Hsi 55-1594] Core bram of version 4.3 not found in repositories
ERROR: [Hsi 55-1594] Core bram of version 4.3 not found in repositories
ERROR: [Hsi 55-1594] Core standalone of version 7.0 not found in repositories
ERROR: [Hsi 55-1452] Error: running open_sw_design.

09:05:22 ERROR : (XSDB Server)ERROR: [Hsi 55-1594] Core cpu of version 2.9 not found in repositories
ERROR: [Hsi 55-1594] Core gpio of version 4.4 not found in repositories

09:05:22 ERROR : (XSDB Server)ERROR: [Hsi 55-1594] Core bram of version 4.3 not found in repositories
ERROR: [Hsi 55-1594] Core bram of version 4.3 not found in repositories
ERROR: [Hsi 55-1594] Core standalone of version 7.0 not found in repositories
ERROR: [Hsi 55-1452] Error: running open_sw_design.

09:05:22 ERROR : Failed to get_connected_periphs
Reason: ERROR: [Common 17-55] 'get_property' expects at least one object.
Resolution: If [get_<value>] was used to populate the object, check to make sure this command returns at least one valid object.

09:06:16 ERROR : (XSDB Server)ERROR: [Hsi 55-1594] Core cpu of version 2.9 not found in repositories
ERROR: [Hsi 55-1594] Core gpio of version 4.4 not found in repositories
ERROR: [Hsi 55-1594] Core bram of version 4.3 not found in repositories

09:06:16 ERROR :  [Common 17-39] 'hsi::open_sw_design' failed due to earlier errors.
09:06:16 ERROR : (XSDB Server)ERROR: [Hsi 55-1594] Core bram of version 4.3 not found in repositories
ERROR: [Hsi 55-1594] Core standalone of version 7.0 not found in repositories
ERROR: [Hsi 55-1452] Error: running open_sw_design.

09:06:16 ERROR : (XSDB Server)ERROR: [Hsi 55-1594] Core cpu of version 2.9 not found in repositories
ERROR: [Hsi 55-1594] Core gpio of version 4.4 not found in repositories

09:06:16 ERROR : (XSDB Server)ERROR: [Hsi 55-1594] Core bram of version 4.3 not found in repositories
ERROR: [Hsi 55-1594] Core bram of version 4.3 not found in repositories

09:06:16 ERROR : (XSDB Server)ERROR: [Hsi 55-1594] Core standalone of version 7.0 not found in repositories
ERROR: [Hsi 55-1452] Error: running open_sw_design.

09:06:16 INFO  : Unable to read in MSS file /home/zach/git/grad_school/EN525.742-Project-1/project_1.sdk/hello_world_tut2_bsp/system.mss : null
09:06:16 ERROR : (XSDB Server)ERROR: [Hsi 55-1594] Core cpu of version 2.9 not found in repositories
ERROR: [Hsi 55-1594] Core gpio of version 4.4 not found in repositories

09:06:16 ERROR : (XSDB Server)ERROR: [Hsi 55-1594] Core bram of version 4.3 not found in repositories
ERROR: [Hsi 55-1594] Core bram of version 4.3 not found in repositories
ERROR: [Hsi 55-1594] Core standalone of version 7.0 not found in repositories

09:06:16 ERROR : (XSDB Server)ERROR: [Hsi 55-1452] Error: running open_sw_design.

09:06:16 ERROR : (XSDB Server)ERROR: [Hsi 55-1594] Core cpu of version 2.9 not found in repositories
ERROR: [Hsi 55-1594] Core gpio of version 4.4 not found in repositories

09:06:16 ERROR : (XSDB Server)ERROR: [Hsi 55-1594] Core bram of version 4.3 not found in repositories
ERROR: [Hsi 55-1594] Core bram of version 4.3 not found in repositories
ERROR: [Hsi 55-1594] Core standalone of version 7.0 not found in repositories
ERROR: [Hsi 55-1452] Error: running open_sw_design.

09:06:16 ERROR :  [Common 17-39] 'hsi::open_sw_design' failed due to earlier errors.
09:06:16 ERROR : (XSDB Server)ERROR: [Hsi 55-1594] Core cpu of version 2.9 not found in repositories
ERROR: [Hsi 55-1594] Core gpio of version 4.4 not found in repositories

09:06:16 ERROR : (XSDB Server)ERROR: [Hsi 55-1594] Core bram of version 4.3 not found in repositories
ERROR: [Hsi 55-1594] Core bram of version 4.3 not found in repositories
ERROR: [Hsi 55-1594] Core standalone of version 7.0 not found in repositories
ERROR: [Hsi 55-1452] Error: running open_sw_design.

09:06:16 INFO  : Unable to read in MSS file /home/zach/git/grad_school/EN525.742-Project-1/project_1.sdk/hello_world_tut2_bsp/system.mss : null
09:06:16 ERROR : (XSDB Server)ERROR: [Hsi 55-1594] Core cpu of version 2.9 not found in repositories

09:06:16 ERROR : (XSDB Server)ERROR: [Hsi 55-1594] Core gpio of version 4.4 not found in repositories
ERROR: [Hsi 55-1594] Core bram of version 4.3 not found in repositories
ERROR: [Hsi 55-1594] Core bram of version 4.3 not found in repositories
ERROR: [Hsi 55-1594] Core standalone of version 7.0 not found in repositories

09:06:16 ERROR : (XSDB Server)ERROR: [Hsi 55-1452] Error: running open_sw_design.

09:06:16 ERROR : (XSDB Server)ERROR: [Hsi 55-1594] Core cpu of version 2.9 not found in repositories
ERROR: [Hsi 55-1594] Core gpio of version 4.4 not found in repositories

09:06:16 ERROR : (XSDB Server)ERROR: [Hsi 55-1594] Core bram of version 4.3 not found in repositories
ERROR: [Hsi 55-1594] Core bram of version 4.3 not found in repositories
ERROR: [Hsi 55-1594] Core standalone of version 7.0 not found in repositories
ERROR: [Hsi 55-1452] Error: running open_sw_design.

09:06:16 ERROR :  [Common 17-39] 'hsi::open_sw_design' failed due to earlier errors.
09:06:16 ERROR : (XSDB Server)ERROR: [Hsi 55-1594] Core cpu of version 2.9 not found in repositories
ERROR: [Hsi 55-1594] Core gpio of version 4.4 not found in repositories

09:06:16 ERROR : (XSDB Server)ERROR: [Hsi 55-1594] Core bram of version 4.3 not found in repositories
ERROR: [Hsi 55-1594] Core bram of version 4.3 not found in repositories
ERROR: [Hsi 55-1594] Core standalone of version 7.0 not found in repositories
ERROR: [Hsi 55-1452] Error: running open_sw_design.

09:06:16 INFO  : Unable to read in MSS file /home/zach/git/grad_school/EN525.742-Project-1/project_1.sdk/hello_world_tut2_bsp/system.mss : null
09:06:16 ERROR : (XSDB Server)ERROR: [Hsi 55-1594] Core cpu of version 2.9 not found in repositories
ERROR: [Hsi 55-1594] Core gpio of version 4.4 not found in repositories

09:06:16 ERROR : (XSDB Server)ERROR: [Hsi 55-1594] Core bram of version 4.3 not found in repositories
ERROR: [Hsi 55-1594] Core bram of version 4.3 not found in repositories
ERROR: [Hsi 55-1594] Core standalone of version 7.0 not found in repositories

09:06:16 ERROR : (XSDB Server)ERROR: [Hsi 55-1452] Error: running open_sw_design.

09:06:30 ERROR : (XSDB Server)ERROR: [Hsi 55-1594] Core cpu of version 2.9 not found in repositories
ERROR: [Hsi 55-1594] Core gpio of version 4.4 not found in repositories

09:06:30 ERROR :  [Common 17-39] 'hsi::open_sw_design' failed due to earlier errors.
09:06:30 ERROR : (XSDB Server)ERROR: [Hsi 55-1594] Core bram of version 4.3 not found in repositories
ERROR: [Hsi 55-1594] Core bram of version 4.3 not found in repositories
ERROR: [Hsi 55-1594] Core standalone of version 7.0 not found in repositories
ERROR: [Hsi 55-1452] Error: running open_sw_design.

09:06:30 ERROR : (XSDB Server)ERROR: [Hsi 55-1594] Core cpu of version 2.9 not found in repositories

09:06:30 ERROR : (XSDB Server)ERROR: [Hsi 55-1594] Core gpio of version 4.4 not found in repositories
ERROR: [Hsi 55-1594] Core bram of version 4.3 not found in repositories
ERROR: [Hsi 55-1594] Core bram of version 4.3 not found in repositories
ERROR: [Hsi 55-1594] Core standalone of version 7.0 not found in repositories

09:06:30 ERROR : (XSDB Server)ERROR: [Hsi 55-1452] Error: running open_sw_design.

09:06:30 INFO  : Unable to read in MSS file /home/zach/git/grad_school/EN525.742-Project-1/project_1.sdk/hello_world_tut2_bsp/system.mss : null
09:06:30 ERROR : (XSDB Server)ERROR: [Hsi 55-1594] Core cpu of version 2.9 not found in repositories

09:06:30 ERROR : (XSDB Server)ERROR: [Hsi 55-1594] Core gpio of version 4.4 not found in repositories
ERROR: [Hsi 55-1594] Core bram of version 4.3 not found in repositories
ERROR: [Hsi 55-1594] Core bram of version 4.3 not found in repositories

09:06:30 ERROR : (XSDB Server)ERROR: [Hsi 55-1594] Core standalone of version 7.0 not found in repositories
ERROR: [Hsi 55-1452] Error: running open_sw_design.

09:06:30 ERROR : (XSDB Server)ERROR: [Hsi 55-1594] Core cpu of version 2.9 not found in repositories
ERROR: [Hsi 55-1594] Core gpio of version 4.4 not found in repositories

09:06:30 ERROR : (XSDB Server)ERROR: [Hsi 55-1594] Core bram of version 4.3 not found in repositories
ERROR: [Hsi 55-1594] Core bram of version 4.3 not found in repositories
ERROR: [Hsi 55-1594] Core standalone of version 7.0 not found in repositories
ERROR: [Hsi 55-1452] Error: running open_sw_design.

09:06:30 ERROR :  [Common 17-39] 'hsi::open_sw_design' failed due to earlier errors.
09:06:30 ERROR : (XSDB Server)ERROR: [Hsi 55-1594] Core cpu of version 2.9 not found in repositories

09:06:30 ERROR : (XSDB Server)ERROR: [Hsi 55-1594] Core gpio of version 4.4 not found in repositories
ERROR: [Hsi 55-1594] Core bram of version 4.3 not found in repositories
ERROR: [Hsi 55-1594] Core bram of version 4.3 not found in repositories
ERROR: [Hsi 55-1594] Core standalone of version 7.0 not found in repositories

09:06:30 ERROR : (XSDB Server)ERROR: [Hsi 55-1452] Error: running open_sw_design.

09:06:30 INFO  : Unable to read in MSS file /home/zach/git/grad_school/EN525.742-Project-1/project_1.sdk/hello_world_tut2_bsp/system.mss : null
09:06:30 ERROR : (XSDB Server)ERROR: [Hsi 55-1594] Core cpu of version 2.9 not found in repositories
ERROR: [Hsi 55-1594] Core gpio of version 4.4 not found in repositories

09:06:30 ERROR : (XSDB Server)ERROR: [Hsi 55-1594] Core bram of version 4.3 not found in repositories
ERROR: [Hsi 55-1594] Core bram of version 4.3 not found in repositories
ERROR: [Hsi 55-1594] Core standalone of version 7.0 not found in repositories

09:06:30 ERROR : (XSDB Server)ERROR: [Hsi 55-1452] Error: running open_sw_design.

09:06:30 ERROR : (XSDB Server)ERROR: [Hsi 55-1594] Core cpu of version 2.9 not found in repositories

09:06:30 ERROR : (XSDB Server)ERROR: [Hsi 55-1594] Core gpio of version 4.4 not found in repositories
ERROR: [Hsi 55-1594] Core bram of version 4.3 not found in repositories

09:06:30 ERROR : (XSDB Server)ERROR: [Hsi 55-1594] Core bram of version 4.3 not found in repositories

09:06:30 ERROR : (XSDB Server)ERROR: [Hsi 55-1594] Core standalone of version 7.0 not found in repositories

09:06:30 ERROR : (XSDB Server)ERROR: [Hsi 55-1452] Error: running open_sw_design.

09:06:30 ERROR :  [Common 17-39] 'hsi::open_sw_design' failed due to earlier errors.
09:06:30 ERROR : (XSDB Server)ERROR: [Hsi 55-1452] Error: running open_sw_design.

09:06:30 INFO  : Unable to read in MSS file /home/zach/git/grad_school/EN525.742-Project-1/project_1.sdk/hello_world_tut2_bsp/system.mss : null
09:06:30 ERROR : (XSDB Server)ERROR: [Hsi 55-1452] Error: running open_sw_design.

09:06:39 ERROR : (XSDB Server)ERROR: [Hsi 55-1452] Error: running open_sw_design.

09:06:39 ERROR :  [Common 17-39] 'hsi::open_sw_design' failed due to earlier errors.
09:06:39 ERROR : (XSDB Server)ERROR: [Hsi 55-1452] Error: running open_sw_design.

09:06:39 INFO  : Unable to read in MSS file /home/zach/git/grad_school/EN525.742-Project-1/project_1.sdk/hello_world_tut2_bsp/system.mss : null
09:06:39 ERROR : (XSDB Server)ERROR: [Hsi 55-1452] Error: running open_sw_design.

09:06:39 ERROR : (XSDB Server)ERROR: [Hsi 55-1452] Error: running open_sw_design.

09:06:39 ERROR :  [Common 17-39] 'hsi::open_sw_design' failed due to earlier errors.
09:06:39 ERROR : (XSDB Server)ERROR: [Hsi 55-1452] Error: running open_sw_design.

09:06:39 INFO  : Unable to read in MSS file /home/zach/git/grad_school/EN525.742-Project-1/project_1.sdk/hello_world_tut2_bsp/system.mss : null
09:06:39 ERROR : (XSDB Server)ERROR: [Hsi 55-1452] Error: running open_sw_design.

09:06:39 ERROR : (XSDB Server)ERROR: [Hsi 55-1452] Error: running open_sw_design.

09:06:39 ERROR :  [Common 17-39] 'hsi::open_sw_design' failed due to earlier errors.
09:06:39 ERROR : (XSDB Server)ERROR: [Hsi 55-1452] Error: running open_sw_design.

09:06:39 INFO  : Unable to read in MSS file /home/zach/git/grad_school/EN525.742-Project-1/project_1.sdk/hello_world_tut2_bsp/system.mss : null
09:06:39 ERROR : (XSDB Server)ERROR: [Hsi 55-1452] Error: running open_sw_design.

09:07:44 INFO  : 'targets -set -filter {jtag_cable_name =~ "Digilent Zed 210248A4981E" && level==0} -index 1' command is executed.
09:07:44 INFO  : 'fpga -state' command is executed.
09:07:44 INFO  : Connected to target on host '127.0.0.1' and port '3121'.
09:07:44 INFO  : Jtag cable 'Digilent Zed 210248A4981E' is selected.
09:07:44 INFO  : 'jtag frequency' command is executed.
09:07:44 INFO  : Context for 'APU' is selected.
09:07:44 INFO  : Hardware design information is loaded from '/home/zach/git/grad_school/EN525.742-Project-1/project_1_v2018_3/project_1_v2018_3.sdk/toplevel_hw_platform_0/system.hdf'.
09:07:44 INFO  : 'configparams force-mem-access 1' command is executed.
09:07:44 INFO  : 'configparams mdm-detect-bscan-mask 2' command is executed.
09:07:44 INFO  : Context for processor 'microblaze_0' is selected.
09:07:44 INFO  : Processor reset is completed for 'microblaze_0'.
09:07:44 INFO  : Context for processor 'microblaze_0' is selected.
09:07:44 INFO  : The application '/home/zach/git/grad_school/EN525.742-Project-1/project_1_v2018_3/project_1_v2018_3.sdk/project1_v2018_3/Debug/project1_v2018_3.elf' is downloaded to processor 'microblaze_0'.
09:07:44 INFO  : 'configparams force-mem-access 0' command is executed.
09:07:44 INFO  : ----------------XSDB Script----------------
connect -url tcp:127.0.0.1:3121
targets -set -nocase -filter {name =~"APU*" && jtag_cable_name =~ "Digilent Zed 210248A4981E"} -index 0
loadhw -hw /home/zach/git/grad_school/EN525.742-Project-1/project_1_v2018_3/project_1_v2018_3.sdk/toplevel_hw_platform_0/system.hdf -mem-ranges [list {0x40000000 0xbfffffff}]
configparams force-mem-access 1
configparams mdm-detect-bscan-mask 2
targets -set -nocase -filter {name =~ "microblaze*#0" && bscan=="USER2"  && jtag_cable_name =~ "Digilent Zed 210248A4981E"} -index 1
rst -processor
targets -set -nocase -filter {name =~ "microblaze*#0" && bscan=="USER2"  && jtag_cable_name =~ "Digilent Zed 210248A4981E"} -index 1
dow /home/zach/git/grad_school/EN525.742-Project-1/project_1_v2018_3/project_1_v2018_3.sdk/project1_v2018_3/Debug/project1_v2018_3.elf
configparams force-mem-access 0
----------------End of Script----------------

09:08:42 INFO  : Disconnected from the channel tcfchan#1.
09:09:01 INFO  : 'targets -set -filter {jtag_cable_name =~ "Digilent Zed 210248A4981E" && level==0} -index 1' command is executed.
09:09:01 INFO  : 'fpga -state' command is executed.
09:09:01 INFO  : Connected to target on host '127.0.0.1' and port '3121'.
09:09:01 INFO  : Jtag cable 'Digilent Zed 210248A4981E' is selected.
09:09:01 INFO  : 'jtag frequency' command is executed.
09:09:01 INFO  : Context for 'APU' is selected.
09:09:01 INFO  : Hardware design information is loaded from '/home/zach/git/grad_school/EN525.742-Project-1/project_1_v2018_3/project_1_v2018_3.sdk/toplevel_hw_platform_0/system.hdf'.
09:09:01 INFO  : 'configparams force-mem-access 1' command is executed.
09:09:01 INFO  : 'configparams mdm-detect-bscan-mask 2' command is executed.
09:09:01 INFO  : Context for processor 'microblaze_0' is selected.
09:09:01 INFO  : Processor reset is completed for 'microblaze_0'.
09:09:01 INFO  : Context for processor 'microblaze_0' is selected.
09:09:01 INFO  : The application '/home/zach/git/grad_school/EN525.742-Project-1/project_1_v2018_3/project_1_v2018_3.sdk/project1_v2018_3/Debug/project1_v2018_3.elf' is downloaded to processor 'microblaze_0'.
09:09:01 INFO  : 'configparams force-mem-access 0' command is executed.
09:09:01 INFO  : ----------------XSDB Script----------------
connect -url tcp:127.0.0.1:3121
targets -set -nocase -filter {name =~"APU*" && jtag_cable_name =~ "Digilent Zed 210248A4981E"} -index 0
loadhw -hw /home/zach/git/grad_school/EN525.742-Project-1/project_1_v2018_3/project_1_v2018_3.sdk/toplevel_hw_platform_0/system.hdf -mem-ranges [list {0x40000000 0xbfffffff}]
configparams force-mem-access 1
configparams mdm-detect-bscan-mask 2
targets -set -nocase -filter {name =~ "microblaze*#0" && bscan=="USER2"  && jtag_cable_name =~ "Digilent Zed 210248A4981E"} -index 1
rst -processor
targets -set -nocase -filter {name =~ "microblaze*#0" && bscan=="USER2"  && jtag_cable_name =~ "Digilent Zed 210248A4981E"} -index 1
dow /home/zach/git/grad_school/EN525.742-Project-1/project_1_v2018_3/project_1_v2018_3.sdk/project1_v2018_3/Debug/project1_v2018_3.elf
configparams force-mem-access 0
----------------End of Script----------------

09:10:11 INFO  : Disconnected from the channel tcfchan#2.
09:10:12 INFO  : 'targets -set -filter {jtag_cable_name =~ "Digilent Zed 210248A4981E" && level==0} -index 1' command is executed.
09:10:12 INFO  : 'fpga -state' command is executed.
09:10:12 INFO  : Connected to target on host '127.0.0.1' and port '3121'.
09:10:12 INFO  : Jtag cable 'Digilent Zed 210248A4981E' is selected.
09:10:12 INFO  : 'jtag frequency' command is executed.
09:10:12 INFO  : Context for 'APU' is selected.
09:10:12 INFO  : Hardware design information is loaded from '/home/zach/git/grad_school/EN525.742-Project-1/project_1_v2018_3/project_1_v2018_3.sdk/toplevel_hw_platform_0/system.hdf'.
09:10:12 INFO  : 'configparams force-mem-access 1' command is executed.
09:10:12 INFO  : 'configparams mdm-detect-bscan-mask 2' command is executed.
09:10:12 INFO  : Context for processor 'microblaze_0' is selected.
09:10:12 INFO  : Processor reset is completed for 'microblaze_0'.
09:10:12 INFO  : Context for processor 'microblaze_0' is selected.
09:10:12 INFO  : The application '/home/zach/git/grad_school/EN525.742-Project-1/project_1_v2018_3/project_1_v2018_3.sdk/project1_v2018_3/Debug/project1_v2018_3.elf' is downloaded to processor 'microblaze_0'.
09:10:12 INFO  : 'configparams force-mem-access 0' command is executed.
09:10:12 INFO  : ----------------XSDB Script----------------
connect -url tcp:127.0.0.1:3121
targets -set -nocase -filter {name =~"APU*" && jtag_cable_name =~ "Digilent Zed 210248A4981E"} -index 0
loadhw -hw /home/zach/git/grad_school/EN525.742-Project-1/project_1_v2018_3/project_1_v2018_3.sdk/toplevel_hw_platform_0/system.hdf -mem-ranges [list {0x40000000 0xbfffffff}]
configparams force-mem-access 1
configparams mdm-detect-bscan-mask 2
targets -set -nocase -filter {name =~ "microblaze*#0" && bscan=="USER2"  && jtag_cable_name =~ "Digilent Zed 210248A4981E"} -index 1
rst -processor
targets -set -nocase -filter {name =~ "microblaze*#0" && bscan=="USER2"  && jtag_cable_name =~ "Digilent Zed 210248A4981E"} -index 1
dow /home/zach/git/grad_school/EN525.742-Project-1/project_1_v2018_3/project_1_v2018_3.sdk/project1_v2018_3/Debug/project1_v2018_3.elf
configparams force-mem-access 0
----------------End of Script----------------

09:10:35 INFO  : Disconnected from the channel tcfchan#3.
